


Determining if the C compiler works failed with the following output:
Change Dir: /home/birch/heimdall-birch/CMakeFiles/CMakeTmp

Run Build Command(s):/usr/bin/gmake cmTC_0a055/fast && No such file or directory
Generator: execution of make failed. Make command was: /usr/bin/gmake cmTC_0a055/fast && 


Determining if the C compiler works failed with the following output:
Change Dir: /home/birch/heimdall-birch/CMakeFiles/CMakeTmp

Run Build Command(s):/usr/bin/cmake cmTC_5684c/fast && CMake Error: The source directory "/home/birch/heimdall-birch/CMakeFiles/CMakeTmp/cmTC_5684c/fast" does not exist.
Specify --help for usage, or press the help button on the CMake GUI.



Determining if the C compiler works failed with the following output:
Change Dir: /home/birch/heimdall-birch/CMakeFiles/CMakeTmp

Run Build Command(s):/usr/bin/cmake cmTC_440b9/fast && CMake Error: The source directory "/home/birch/heimdall-birch/CMakeFiles/CMakeTmp/cmTC_440b9/fast" does not exist.
Specify --help for usage, or press the help button on the CMake GUI.



Determining if the C compiler works failed with the following output:
Change Dir: /home/birch/heimdall-birch/CMakeFiles/CMakeTmp

Run Build Command(s):/usr/bin/cmake cmTC_60429/fast && CMake Error: The source directory "/home/birch/heimdall-birch/CMakeFiles/CMakeTmp/cmTC_60429/fast" does not exist.
Specify --help for usage, or press the help button on the CMake GUI.



Determining if the C compiler works failed with the following output:
Change Dir: /home/birch/heimdall-birch/CMakeFiles/CMakeTmp

Run Build Command(s):/usr/bin/gmake cmTC_4d4e7/fast && No such file or directory
Generator: execution of make failed. Make command was: /usr/bin/gmake cmTC_4d4e7/fast && 


Determining if the C compiler works failed with the following output:
Change Dir: /home/birch/heimdall-birch/CMakeFiles/CMakeTmp

Run Build Command(s):/usr/bin/gmake cmTC_31318/fast && No such file or directory
Generator: execution of make failed. Make command was: /usr/bin/gmake cmTC_31318/fast && 


Determining if the C compiler works failed with the following output:
Change Dir: /home/birch/heimdall-birch/CMakeFiles/CMakeTmp

Run Build Command(s):/usr/bin/gmake cmTC_7bbb9/fast && No such file or directory
Generator: execution of make failed. Make command was: /usr/bin/gmake cmTC_7bbb9/fast && 


Determining if the C compiler works failed with the following output:
Change Dir: /home/birch/heimdall-birch/CMakeFiles/CMakeTmp

Run Build Command(s):/usr/bin/gmake cmTC_3d688/fast && No such file or directory
Generator: execution of make failed. Make command was: /usr/bin/gmake cmTC_3d688/fast && 


Checking whether the C compiler is IAR using "" did not match "IAR .+ Compiler":
cc: fatal error: no input files
compilation terminated.
Checking whether the C compiler is IAR using "" did not match "IAR .+ Compiler":
cc: fatal error: no input files
compilation terminated.
Checking whether the CXX compiler is IAR using "" did not match "IAR .+ Compiler":
c++: fatal error: no input files
compilation terminated.
Checking whether the CXX compiler is IAR using "" did not match "IAR .+ Compiler":
c++: fatal error: no input files
compilation terminated.
Determining if the C compiler works failed with the following output:
Change Dir: /home/birch/heimdall-birch/CMakeFiles/CMakeTmp

Run Build Command(s):/usr/bin/gmake cmTC_5723d/fast && No such file or directory
Generator: execution of make failed. Make command was: /usr/bin/gmake cmTC_5723d/fast && 


Determining if the C compiler works failed with the following output:
Change Dir: /home/birch/heimdall-birch/CMakeFiles/CMakeTmp

Run Build Command(s):/usr/bin/gmake cmTC_bfaf6/fast && No such file or directory
Generator: execution of make failed. Make command was: /usr/bin/gmake cmTC_bfaf6/fast && 


Determining if the C compiler works failed with the following output:
Change Dir: /home/birch/heimdall-birch/CMakeFiles/CMakeTmp

Run Build Command(s):/usr/bin/gmake cmTC_4d084/fast && No such file or directory
Generator: execution of make failed. Make command was: /usr/bin/gmake cmTC_4d084/fast && 


Determining if the C compiler works failed with the following output:
Change Dir: /home/birch/heimdall-birch/CMakeFiles/CMakeTmp

Run Build Command(s):/usr/bin/gmake cmTC_7ff39/fast && No such file or directory
Generator: execution of make failed. Make command was: /usr/bin/gmake cmTC_7ff39/fast && 


Determining if the C compiler works failed with the following output:
Change Dir: /home/birch/heimdall-birch/CMakeFiles/CMakeTmp

Run Build Command(s):/usr/bin/gmake cmTC_e457e/fast && No such file or directory
Generator: execution of make failed. Make command was: /usr/bin/gmake cmTC_e457e/fast && 


Determining if the C compiler works failed with the following output:
Change Dir: /home/birch/heimdall-birch/CMakeFiles/CMakeTmp

Run Build Command(s):/usr/bin/gmake cmTC_451aa/fast && No such file or directory
Generator: execution of make failed. Make command was: /usr/bin/gmake cmTC_451aa/fast && 


Checking whether the C compiler is IAR using "" did not match "IAR .+ Compiler":
cc: fatal error: no input files
compilation terminated.
Checking whether the C compiler is IAR using "" did not match "IAR .+ Compiler":
cc: fatal error: no input files
compilation terminated.
Checking whether the CXX compiler is IAR using "" did not match "IAR .+ Compiler":
c++: fatal error: no input files
compilation terminated.
Checking whether the CXX compiler is IAR using "" did not match "IAR .+ Compiler":
c++: fatal error: no input files
compilation terminated.
Determining if the C compiler works failed with the following output:
Change Dir: /home/birch/heimdall-birch/CMakeFiles/CMakeTmp

Run Build Command(s):/usr/bin/gmake cmTC_19fdd/fast && No such file or directory
Generator: execution of make failed. Make command was: /usr/bin/gmake cmTC_19fdd/fast && 


